<?xml version="1.0" encoding="UTF-8"?>
<!-- Generated by org.testng.reporters.JUnitXMLReporter -->
<testsuite ignored="3" hostname="saramise-mac" failures="0" tests="2" name="SmokeTests" time="0.027" errors="0" timestamp="2023-12-25T16:03:21 IST">
  <testcase classname="test.day4" name="loginphone" time="0.003"/>
  <testcase classname="test.day4" name="loginmobile" time="0.001"/>
  <testcase classname="test.day4" name="APIlogin" time="0.0">
    <ignored/>
  </testcase> <!-- APIlogin -->
  <testcase classname="test.day2" name="Demo2" time="0.0">
    <ignored/>
  </testcase> <!-- Demo2 -->
  <testcase classname="test.day1" name="Demo" time="0.0">
    <ignored/>
  </testcase> <!-- Demo -->
</testsuite> <!-- SmokeTests -->
