<?xml version="1.0" encoding="UTF-8"?>
<!-- Generated by org.testng.reporters.JUnitXMLReporter -->
<testsuite ignored="0" hostname="saramise-mac" failures="0" tests="5" name="Test2" time="0.029" errors="0" timestamp="2023-12-25T16:03:21 IST">
  <testcase classname="test.day3" name="login1" time="0.003"/>
  <testcase classname="test.day3" name="login2" time="0.0"/>
  <testcase classname="test.day3" name="login2" time="0.0"/>
  <testcase classname="test.day3" name="login2" time="0.001"/>
  <testcase classname="test.day3" name="login3" time="0.0"/>
</testsuite> <!-- Test2 -->
