<?xml version="1.0" encoding="UTF-8"?>
<!-- Generated by org.testng.reporters.JUnitXMLReporter -->
<testsuite ignored="1" hostname="saramise-mac" failures="0" tests="2" name="Test3" time="0.005" errors="0" timestamp="2023-12-25T14:42:00 IST">
  <testcase classname="test.day4" name="loginmobile" time="0.0"/>
  <testcase classname="test.day4" name="loginphone" time="0.001"/>
  <testcase classname="test.day4" name="APIlogin" time="0.0">
    <ignored/>
  </testcase> <!-- APIlogin -->
</testsuite> <!-- Test3 -->
