<?xml version="1.0" encoding="UTF-8"?>
<testng-results ignored="0" total="6" passed="6" failed="0" skipped="0">
  <reporter-output>
  </reporter-output>
  <suite started-at="2023-12-25T15:30:41 IST" name="SmokeSuite" finished-at="2023-12-25T15:30:41 IST" duration-ms="68">
    <groups>
      <group name="Smoke">
        <method signature="day4.loginmobile(java.lang.String)[pri:0, instance:test.day4@7a69b07]" name="loginmobile" class="test.day4"/>
        <method signature="day3.login1(java.lang.String)[pri:0, instance:test.day3@3bb9a3ff]" name="login1" class="test.day3"/>
        <method signature="day3.login3()[pri:0, instance:test.day3@3bb9a3ff]" name="login3" class="test.day3"/>
      </group> <!-- Smoke -->
    </groups>
    <test started-at="2023-12-25T15:30:41 IST" name="SmokeTests" finished-at="2023-12-25T15:30:41 IST" duration-ms="24">
      <class name="test.day4">
        <test-method signature="loginmobile(java.lang.String)[pri:0, instance:test.day4@7a69b07]" started-at="2023-12-25T15:30:41 IST" name="loginmobile" finished-at="2023-12-25T15:30:41 IST" duration-ms="4" status="PASS">
          <params>
            <param index="0">
              <value>
                <![CDATA[qaclickacademy.com]]>
              </value>
            </param>
          </params>
          <reporter-output>
          </reporter-output>
        </test-method> <!-- loginmobile -->
      </class> <!-- test.day4 -->
    </test> <!-- SmokeTests -->
    <test started-at="2023-12-25T15:30:41 IST" name="Test2" finished-at="2023-12-25T15:30:41 IST" duration-ms="7">
      <class name="test.day3">
        <test-method signature="login1(java.lang.String)[pri:0, instance:test.day3@3bb9a3ff]" started-at="2023-12-25T15:30:41 IST" name="login1" finished-at="2023-12-25T15:30:41 IST" duration-ms="1" status="PASS">
          <params>
            <param index="0">
              <value>
                <![CDATA[google.com]]>
              </value>
            </param>
          </params>
          <reporter-output>
          </reporter-output>
        </test-method> <!-- login1 -->
        <test-method signature="login2(java.lang.String,java.lang.String)[pri:0, instance:test.day3@3bb9a3ff]" started-at="2023-12-25T15:30:41 IST" name="login2" data-provider="getData" finished-at="2023-12-25T15:30:41 IST" duration-ms="1" status="PASS">
          <params>
            <param index="0">
              <value>
                <![CDATA[username1]]>
              </value>
            </param>
            <param index="1">
              <value>
                <![CDATA[password1]]>
              </value>
            </param>
          </params>
          <reporter-output>
          </reporter-output>
        </test-method> <!-- login2 -->
        <test-method signature="login2(java.lang.String,java.lang.String)[pri:0, instance:test.day3@3bb9a3ff]" started-at="2023-12-25T15:30:41 IST" name="login2" data-provider="getData" finished-at="2023-12-25T15:30:41 IST" duration-ms="1" status="PASS">
          <params>
            <param index="0">
              <value>
                <![CDATA[username2]]>
              </value>
            </param>
            <param index="1">
              <value>
                <![CDATA[password2]]>
              </value>
            </param>
          </params>
          <reporter-output>
          </reporter-output>
        </test-method> <!-- login2 -->
        <test-method signature="login2(java.lang.String,java.lang.String)[pri:0, instance:test.day3@3bb9a3ff]" started-at="2023-12-25T15:30:41 IST" name="login2" data-provider="getData" finished-at="2023-12-25T15:30:41 IST" duration-ms="1" status="PASS">
          <params>
            <param index="0">
              <value>
                <![CDATA[username3]]>
              </value>
            </param>
            <param index="1">
              <value>
                <![CDATA[password3]]>
              </value>
            </param>
          </params>
          <reporter-output>
          </reporter-output>
        </test-method> <!-- login2 -->
        <test-method signature="login3()[pri:0, instance:test.day3@3bb9a3ff]" started-at="2023-12-25T15:30:41 IST" name="login3" finished-at="2023-12-25T15:30:41 IST" duration-ms="1" status="PASS">
          <reporter-output>
          </reporter-output>
        </test-method> <!-- login3 -->
      </class> <!-- test.day3 -->
    </test> <!-- Test2 -->
  </suite> <!-- SmokeSuite -->
</testng-results>
